0 info it worked if it ends with ok
1 verbose cli [ 'C:\\Program Files\\nodejs\\node.exe',
1 verbose cli   'C:\\Program Files\\nodejs\\node_modules\\npm\\bin\\npm-cli.js',
1 verbose cli   'install' ]
2 info using npm@3.10.8
3 info using node@v6.9.1
4 silly loadCurrentTree Starting
5 silly install loadCurrentTree
6 silly install readLocalPackageData
7 silly install normalizeTree
8 silly loadCurrentTree Finishing
9 silly loadIdealTree Starting
10 silly install loadIdealTree
11 silly cloneCurrentTree Starting
12 silly install cloneCurrentTreeToIdealTree
13 silly cloneCurrentTree Finishing
14 silly loadShrinkwrap Starting
15 silly install loadShrinkwrap
16 silly loadShrinkwrap Finishing
17 silly loadAllDepsIntoIdealTree Starting
18 silly install loadAllDepsIntoIdealTree
19 silly fetchNamedPackageData hax-core-lib
20 silly mapToRegistry name hax-core-lib
21 silly mapToRegistry using default registry
22 silly mapToRegistry registry https://registry.npmjs.org/
23 silly mapToRegistry data Result {
23 silly mapToRegistry   raw: 'hax-core-lib',
23 silly mapToRegistry   scope: null,
23 silly mapToRegistry   escapedName: 'hax-core-lib',
23 silly mapToRegistry   name: 'hax-core-lib',
23 silly mapToRegistry   rawSpec: '',
23 silly mapToRegistry   spec: 'latest',
23 silly mapToRegistry   type: 'tag' }
24 silly mapToRegistry uri https://registry.npmjs.org/hax-core-lib
25 verbose request uri https://registry.npmjs.org/hax-core-lib
26 verbose request no auth needed
27 info attempt registry request try #1 at 3:05:35 PM
28 verbose request using bearer token for auth
29 verbose request id 0ed02f8f3f7a5f15
30 http request GET https://registry.npmjs.org/hax-core-lib
31 http 200 https://registry.npmjs.org/hax-core-lib
32 verbose headers { date: 'Wed, 02 Jan 2019 23:05:36 GMT',
32 verbose headers   'content-type': 'application/json; charset=UTF-8',
32 verbose headers   'transfer-encoding': 'chunked',
32 verbose headers   connection: 'keep-alive',
32 verbose headers   'set-cookie': [ '__cfduid=d67a5bb5f271f8d0b50eb48b4297803b91546470336; expires=Thu, 02-Jan-20 23:05:36 GMT; path=/; domain=.registry.npmjs.org; HttpOnly' ],
32 verbose headers   'cf-cache-status': 'MISS',
32 verbose headers   'cache-control': 'max-age=300',
32 verbose headers   'cf-ray': '4930df1139436c8e-SJC',
32 verbose headers   etag: 'W/"672069339d55c54be7ffd42feafd6794"',
32 verbose headers   'expect-ct': 'max-age=604800, report-uri="https://report-uri.cloudflare.com/cdn-cgi/beacon/expect-ct"',
32 verbose headers   'last-modified': 'Sun, 27 May 2018 03:36:13 GMT',
32 verbose headers   vary: 'accept-encoding, accept',
32 verbose headers   server: 'cloudflare',
32 verbose headers   'content-encoding': 'gzip' }
33 silly get cb [ 200,
33 silly get   { date: 'Wed, 02 Jan 2019 23:05:36 GMT',
33 silly get     'content-type': 'application/json; charset=UTF-8',
33 silly get     'transfer-encoding': 'chunked',
33 silly get     connection: 'keep-alive',
33 silly get     'set-cookie': [ '__cfduid=d67a5bb5f271f8d0b50eb48b4297803b91546470336; expires=Thu, 02-Jan-20 23:05:36 GMT; path=/; domain=.registry.npmjs.org; HttpOnly' ],
33 silly get     'cf-cache-status': 'MISS',
33 silly get     'cache-control': 'max-age=300',
33 silly get     'cf-ray': '4930df1139436c8e-SJC',
33 silly get     etag: 'W/"672069339d55c54be7ffd42feafd6794"',
33 silly get     'expect-ct': 'max-age=604800, report-uri="https://report-uri.cloudflare.com/cdn-cgi/beacon/expect-ct"',
33 silly get     'last-modified': 'Sun, 27 May 2018 03:36:13 GMT',
33 silly get     vary: 'accept-encoding, accept',
33 silly get     server: 'cloudflare',
33 silly get     'content-encoding': 'gzip' } ]
34 verbose get saving hax-core-lib to C:\Users\sutter\AppData\Roaming\npm-cache\registry.npmjs.org\hax-core-lib\.cache.json
35 verbose correctMkdir C:\Users\sutter\AppData\Roaming\npm-cache correctMkdir not in flight; initializing
36 silly fetchPackageMetaData Error: No compatible version found: hax-core-lib@^0.2.0
36 silly fetchPackageMetaData Valid install targets:
36 silly fetchPackageMetaData 0.3.1
36 silly fetchPackageMetaData
36 silly fetchPackageMetaData     at pickVersionFromRegistryDocument (C:\Program Files\nodejs\node_modules\npm\lib\fetch-package-metadata.js:178:16)
36 silly fetchPackageMetaData     at C:\Program Files\nodejs\node_modules\npm\node_modules\iferr\index.js:13:50
36 silly fetchPackageMetaData     at C:\Program Files\nodejs\node_modules\npm\lib\utils\pulse-till-done.js:20:8
36 silly fetchPackageMetaData     at saved (C:\Program Files\nodejs\node_modules\npm\lib\cache\caching-client.js:174:7)
36 silly fetchPackageMetaData     at C:\Program Files\nodejs\node_modules\npm\node_modules\graceful-fs\polyfills.js:233:18
36 silly fetchPackageMetaData     at FSReqWrap.oncomplete (fs.js:123:15)
36 silly fetchPackageMetaData  error for hax-core-lib@^0.2.0 { Error: No compatible version found: hax-core-lib@^0.2.0
36 silly fetchPackageMetaData Valid install targets:
36 silly fetchPackageMetaData 0.3.1
36 silly fetchPackageMetaData
36 silly fetchPackageMetaData     at pickVersionFromRegistryDocument (C:\Program Files\nodejs\node_modules\npm\lib\fetch-package-metadata.js:178:16)
36 silly fetchPackageMetaData     at C:\Program Files\nodejs\node_modules\npm\node_modules\iferr\index.js:13:50
36 silly fetchPackageMetaData     at C:\Program Files\nodejs\node_modules\npm\lib\utils\pulse-till-done.js:20:8
36 silly fetchPackageMetaData     at saved (C:\Program Files\nodejs\node_modules\npm\lib\cache\caching-client.js:174:7)
36 silly fetchPackageMetaData     at C:\Program Files\nodejs\node_modules\npm\node_modules\graceful-fs\polyfills.js:233:18
36 silly fetchPackageMetaData     at FSReqWrap.oncomplete (fs.js:123:15) code: 'ETARGET' }
37 silly rollbackFailedOptional Starting
38 silly rollbackFailedOptional Finishing
39 silly runTopLevelLifecycles Finishing
40 silly install printInstalled
41 verbose stack Error: No compatible version found: hax-core-lib@^0.2.0
41 verbose stack Valid install targets:
41 verbose stack 0.3.1
41 verbose stack
41 verbose stack     at pickVersionFromRegistryDocument (C:\Program Files\nodejs\node_modules\npm\lib\fetch-package-metadata.js:178:16)
41 verbose stack     at C:\Program Files\nodejs\node_modules\npm\node_modules\iferr\index.js:13:50
41 verbose stack     at C:\Program Files\nodejs\node_modules\npm\lib\utils\pulse-till-done.js:20:8
41 verbose stack     at saved (C:\Program Files\nodejs\node_modules\npm\lib\cache\caching-client.js:174:7)
41 verbose stack     at C:\Program Files\nodejs\node_modules\npm\node_modules\graceful-fs\polyfills.js:233:18
41 verbose stack     at FSReqWrap.oncomplete (fs.js:123:15)
42 verbose cwd C:\Dave\dev\github\hax_server\master\haxserver
43 error Windows_NT 10.0.17134
44 error argv "C:\\Program Files\\nodejs\\node.exe" "C:\\Program Files\\nodejs\\node_modules\\npm\\bin\\npm-cli.js" "install"
45 error node v6.9.1
46 error npm  v3.10.8
47 error code ETARGET
48 error notarget No compatible version found: hax-core-lib@^0.2.0
48 error notarget Valid install targets:
48 error notarget 0.3.1
49 error notarget This is most likely not a problem with npm itself.
49 error notarget In most cases you or one of your dependencies are requesting
49 error notarget a package version that doesn't exist.
49 error notarget
49 error notarget It was specified as a dependency of 'hax-server'
50 verbose exit [ 1, true ]
